[    0.000000] Initializing cgroup subsys cpuset
[    0.000000] Initializing cgroup subsys cpu
[    0.000000] Initilizing croup subsys cpuacct
[    .000000] Linux verssion 4.4.0-134-generic (buildd@lgw01-amd64-033) (gcc rsion 5.4.0 20160609 (Ubuntu 5.4.0-6ubuntu1~16.04.10) ) #160-Ubuntu SMP Wed Aug 15 14:58:00 UTC 2018 (Ubuntu 4.4.0-134.160-generic 4.4.140)
[    0.000000] Command line: BOOT_IMAGE=/boot/vmlinuz-4.4.0-134-generic root=LABEL=cloudimg-rootfs ro console=tty1 console=ttyS0
[    0.000000]KERNL supported cpus:
[    0.000000]   Intel GenuineIntel
[    0.000000]   AMD AuthenticAMD
[    0.000000]   Centaur CentaurHauls
[    0.000000] x86/fpu: xstate_offset[2]:  576, xstate_sizes[2]:  256
[    0000000] x86/fpu: Supporting XSAVE feature 0x01: 'x87 floating point regsters'
[    0.000000] x86/fpu: Supporting XSAVE feature 0x02: 'SSE registers'
[    0.000000] x86/fpu: Supporting XSAVE feature 0x04: 'AVX registers'
[    0.000000] x86/fpu: Enabled xstate features 0x7, context size is 832 bytes, using 'standard' format.
[    0.000000] e820: BIOS-provided pysical RAM map:
[    0.000000] BIOS-e820: [mem 0x0000000000000000-0x000000000009fbff] usable
[    0.000000] BIOS-e820: [mem 0x000000000009fc00-0x000000000009ffff] reserved
[    0.000000] BIOS-e820: [mem 0x00000000000f0000-0x00000000000fffff] reserved
[    0.000000] BIOS-e820: [mem 0x0000000000100000-0x000000003ffeffff] usable
[    0.000000] BIOS-e820: [mem 0x000000003fff0000-0x000000003fffffff] ACPI data
[    0.000000] BIOS-e820: [mem 0x00000000fec00000-0x00000000fec00fff] reserved
[    0.000000] BIOS-e820: [mem 0x00000000fee00000-0x00000000fee00fff] reserved
[    0.000000] BIO-e820: [mem 0x00000000fffc0000-0x00000000ffffffff] reserved
[    0.000000] NX (Execute Disable) protection: active
[    0.000000] SMBIO2.5 present.
[    .000000] Hypervisor detected: KVM
[    0.00000 e820: last_pfn = 0x3fff0 maxarch_pfn = 0x400000000
[    0.000000] MTRR: Disabled
[     0.000000] x86/PAT: MTRRs disabled, skipping PAT initialization too.
[    0.000000] CPU MTRRs all blank - virtualized system.
[    0.000000] x86/PAT: Configuration [0-7]: B  WT  UC- UC  WB  WT  UC- UC  
[    .000000] found SMP MP-table at [mem 0x0009fff0-0x0009ffff] mappd at [ffff880000009f0]
[    0.000000] Scanning 1 areas for low memory corruption
[    0.000000] RAMDISK: [mem 0x3630c000-0x3717dfff]
[    0.000000] ACPI: Early table checksum verification disabled
[    0.000000] ACPI: RSDP 0x00000000000E0000 000024 (v02 VBOX  )
[    0.000000] ACPI: XSDT 0000000003FFF0030 00003C (v01 VBOX   VBOXXSDT 00000001 ASL  00000061)
[    0.000000] ACPI: ACP 0x000000003FFF00F0 0000F4 (v04 VBOX   VBOXFACP 00000001 ASL  00000061)
[    0.000000] ACPI: DSDT 0x000000003FFF0470 0021FF (v02 VBOX   VBOXBIOS 00000002 INTL 20100528)
[    0.000000] ACPI: FACS 0x00000000FFF0200 000040
[    0.000000] ACPI: FACS 0x000000003FFF0200000040
[    0.000000] ACPI: APIC 0x000000003FFF0240 00005C (v02 VBOX   VBOXAPIC 00000001 ASL  00000061)
[    0.000000] ACPI: SSDT 0x000000003FFF02A0 0001CC (v01 VBOX   VBOXCPUT 00000002 INTL 2100528)
[    0.000000] No NUMA configuratio found
[    0.000000] Faking a node at [mem 0x0000000000000000-0x000000003ffeffff]
[    0.000000] NODE_DATA(0) alocated [mem 0x3ffeb000-0x3ffeffff]
[    0.000000] kvm-clock: Using msrs 4b564d01 and 4b564d00
[    0.00000] kvm-clock: cpu 0, msr 0:3ffe3001, primary cpu clock
[    .000000] kvm-clock: using sched offset of 4201923223 cycles
[    0.000000] clocksource: kvm-clock: mak: 0xffffffffffffffff max_cycles: 0x1cd42e4dffb, max_idle_ns: 881590591483 ns
   0.000000] Zone ranges:
[    0.000000]   DMA      [mem 0x0000000000001000-0x0000000000ffffff]
[    0.000000]   DMA32    [mem 0x0000000001000000-0000000003ffeffff]
[    .000000]   Normal   empty
[    0.000000]   Device   empty
[   0.0000000] Movable zone start for each node
[    0.000000] Early memoryode ranges
[    0.000000]   node   0: [mem 0x0000000000001000-0x000000000009efff]
[    0.000000]   node   0: [mem 0x0000000000100000-0x000000003ffeffff
[    .000000] Initmem setup node 0 [mem 0x00000000000000-0x000000003ffeffff]
[    0.000000] ACPI: PM-Timer IO Port: 0x4008
[    0.000000] IOAPIC[0]: apic_id 2, version 32, address 0xfec00000, GSI 0-23
[    0.00000] ACPI: INT_SRC_OVR (bus 0 bus_irq 0 global_irq 2 dfl fl)
[    0.000000] ACPI:INTT_SRC_OVR (bus 0 bus_irq 9 global_iq 9 low level)
[    0.000000] Using ACPI (MADT) for SMP configuration information
[    0.000000] smpboot: Allowing 2 CPUs, 0 hotplug CPUs
[    0.000000]PM: Registered nosave memory: [mm 0x00000000-0x00000fff]
[     0.000000] PM: Regisered nosave memory: [mem 0x0009f000-0x0009ffff]
[    0.000000] PM:Registere nosave memory: [mem 0x000a0000-0x000effff]
[    0.000000] PM: Registered nosave memory: [mem 0x000f0000-0x000fffff]
[    0.000000] e820: [mem 0x40000000-0xfebfffff] available for PCI devices
[    0.000000] Booting paravirtualized kerel on KVM
[    .000000] clocksource: refined-jiffies: mask: 0xffffffff max_cycles: 0xffffffff, max_idle_ns: 7645519600211568 ns
[    0.000000] setup_percpu: NR_CPUS:512 nr_cpumask_bits:512 nr_cpu_ids: nr_node_ids:1
[    0.00000] PERCPU: Embdded 34 pages/cpu @fff88003fc000 s99544 r8192 d31528 u1048576
[    0.00000] PV qspinlock hash table entries: 256 (order: 0, 4096 bytes)
[    .000000] Bilt 1 zonelists in Node order,  mobility grouping on.  Total pages: 257912
[    0.000000] Policy zone: DMA32
[    0.000000] Kernel command line: BOOT_IMAGE=/boot/vmlinuz-4.4.0-134-generic root=LABEL=cloudimg-rootfs ro console=tty1 console=ttyS0
[    0.000000] PID hash table entries: 4096 (order: 3, 32768 bytes)
[    0.000000] Memory: 99774K/104820K available (8554K kernel code, 1314K rwdata, 4004K rodata, 1516K init, 1316K bss, 50396K reserved, 0K cma-reserved)
[    0.000000] LUB: HWalign=64, Order=0-3, MinObjects=0, CPUs=2, Nodes=1
[    0.00000] Kernel/User page tables isolation: enabled
[    0.000000] Hierarchical RCU implementation.
[    0.000000] 	uid-ime adjustment f lea fanout to 64.
[    0.000000] 	RCU restricting CPUs from NR_CPUS=512 to nr_cpuds=2
[    0.000000] RCU: Adusting geometry for rcu_fanout_leaf=64, nr_cpu_ids=2
[    0.000000] NR_IRQS:33024 nr_irqs:440 16
[    0.000000] Console: colour VGA+ 80x25
[    0.0000] console [tty1] enabled
[    0.000000] console [ttyS0] enabled
[    0.000000] tsc: Detected 1600.000 MHz processor
[    2.138823] Calibrating delay loop (skipped) preset value.. 3200.00 BogoMIPS (lpj=6400000)
[    2.160742] pid_max: default: 32768 minimum: 301
[    2.172622] ACPI: Core revision 20150930
[    2.183714] ACPI: 2 ACPI AML tables successfully acquired and loaded
[    2.194464] Security Framework initialized
[    2.196899] Yama: becoming mindful.
[    2.202615] AppArmor: AppArmor initialized
[    2.205176] Dentry cache hash table entries: 131072 (order: 8, 1048576 bytes)
[    2.210866] Inode-cache hash table entries: 65536 (order: 7, 524288 bytes)
[    2.214709] Mount-cache hash table entries: 2048 (order: 2, 16384 bytes)
[    2.224627] Mountpoint-cache hash table entries: 2048 (order: 2, 16384 bytes)
[    2.230777] Initializing cgroup subsys io
[    2.248616] Initializing cgroup subsys memory
[    2.265932] Initializing cgroup subsys devices
[    2.268892] Initializing cgroup subsys freezer
[    2.271215] Initializing cgroup subsys net_cls
[    2.273244] Initializing cgroup subsys perf_event
[    2.288278] Initializing cgroup subsys net_prio
[    2.295601] Initializing cgroup subsys hugetlb
[    2.297611] Initializing cgroup subsys pids
[    2.307642] mce: CPU supports 0 MCE banks
[    2.316144] Last level iTLB entries: 4KB 64, 2MB 8, 4MB 8
[    2.334978] Last level dTLB entries: 4KB 64, 2MB 0, 4MB 0, 1GB 4
[    2.355007] Spectre V2 : Mitigation: Full generic retpoline
[    2.373272] Spectre V2 : Speculation control IBPB not-supported IBRS not-supported
[    2.383166] Speculative Store Bypass: Vulnerable
[    2.394306] Freeing SMP alternatives memory: 32K
[    2.416718] ftrace: allocating 32266 entries in 127 pages
[    2.502943] smpboot: APIC(0) Converting physical 0 to logical package 0
[    2.509200] smpboot: Max logical packages: 1
[    2.519768] x2apic enabled
[    2.521886] Switched APIC routing to physical x2apic.
[    2.526228] ..TIMER: vector=0x30 apic1=0 pin1=2 apic2=-1 pin2=-1
[    2.637591] smpboot: CPU0: Intel(R) Core(TM) i5-5250U CPU @ 1.60GHz (family: 0x6, model: 0x3d, stepping: 0x4)
[    2.654690] Performance Events: unsupported p6 CPU model 61 no PMU driver, software events only.
[    2.661214] KVM setup paravirtual spinlock
[    2.664832] x86: Booting SMP configuration:
[    2.672516] .... node  #0, CPUs:      #1
[    2.675314] kvm-clock: cpu 1, msr 0:3ffe3041, secondary cpu clock
[    2.679056] mce: CPU supports 0 MCE banks
[    2.691313] x86: Booted up 1 node, 2 CPUs
[    2.694276] smpboot: Total of 2 processors activated (6400.00 BogoMIPS)
[    2.706370] devtmpfs: initialized
[    2.710480] evm: security.selinux
[    2.712380] evm: security.SMACK64
[    2.715133] evm: security.SMACK64EXEC
[    2.717291] evm: security.SMACK64TRANSMUTE
[    2.719910] evm: security.SMACK64MMAP
[    2.722245] evm: security.ima
[    2.724313] evm: security.capability
[    2.727056] clocksource: jiffies: mask: 0xffffffff max_cycles: 0xffffffff, max_idle_ns: 7645041785100000 ns
[    2.733182] futex hash table entries: 512 (order: 3, 32768 bytes)
[    2.737753] pinctrl core: initialized pinctrl subsystem
[    2.740903] RTC time: 10:10:43, date: 09/27/18
[    2.744763] NET: Registered protocol family 16
[    2.762298] cpuidle: using governor ladder
[    2.777811] cpuidle: using governor menu
[    2.780541] PCCT header not found.
[    2.788828] ACPI: bus type PCI registered
[    2.791448] acpiphp: ACPI Hot Plug PCI Controller Driver version: 0.5
[    2.795820] PCI: Using configuration type 1 for base access
[    2.820788] ACPI: Added _OSI(Module Device)
[    2.823695] ACPI: Added _OSI(Processor Device)
[    2.828754] ACPI: Added _OSI(3.0 _SCP Extensions)
[    2.831882] ACPI: Added _OSI(Processor Aggregator Device)
[    2.836207] ACPI: Executed 1 blocks of module-level executable AML code
[    2.844209] ACPI: Interpreter enabled
[    2.846715] ACPI: (supports S0 S5)
[    2.849338] ACPI: Using IOAPIC for interrupt routing
[    2.854179] PCI: Using host bridge windows from ACPI; if necessary, use "pci=nocrs" and report a bug
[    2.866130] ACPI: PCI Root Bridge [PCI0] (domain 0000 [bus 00-ff])
[    2.875167] acpi PNP0A03:00: _OSC: OS supports [ASPM ClockPM Segments MSI]
[    2.882508] acpi PNP0A03:00: _OSC: not requesting OS control; OS requires [ExtendedConfig ASPM ClockPM MSI]
[    2.892455] acpi PNP0A03:00: fail to add MMCONFIG information, can't access extended PCI configuration space under this bridge.
[    2.907712] PCI host bridge to bus 0000:00
[    2.910550] pci_bus 0000:00: root bus resource [io  0x0000-0x0cf7 window]
[    2.914820] pci_bus 0000:00: root bus resource [io  0x0d00-0xffff window]
[    2.920502] pci_bus 0000:00: root bus resource [mem 0x000a0000-0x000bffff window]
[    2.924676] pci_bus 0000:00: root bus resource [mem 0x40000000-0xfdffffff window]
[    2.929849] pci_bus 0000:00: root bus resource [bus 00-ff]
[    2.938898] pci 0000:00:01.1: legacy IDE quirk: reg 0x10: [io  0x01f0-0x01f7]
[    2.944472] pci 0000:00:01.1: legacy IDE quirk: reg 0x14: [io  0x03f6]
[    2.949320] pci 0000:00:01.1: legacy IDE quirk: reg 0x18: [io  0x0170-0x0177]
[    2.955642] pci 0000:00:01.1: legacy IDE quirk: reg 0x1c: [io  0x0376]
[    2.991594] pci 0000:00:07.0: quirk: [io  0x4000-0x403f] claimed by PIIX4 ACPI
[    3.045302] pci 0000:00:07.0: quirk: [io  0x4100-0x410f] claimed by PIIX4 SMB
[    3.114113] ACPI: PCI Interrupt Link [LNKA] (IRQs 5 9 10 *11)
[    3.136847] ACPI: PCI Interrupt Link [LNKB] (IRQs 5 9 *10 11)
[    3.151272] ACPI: PCI Interrupt Link [LNKC] (IRQs 5 *9 10 11)
[    3.156972] ACPI: PCI Interrupt Link [LNKD] (IRQs 5 9 10 *11)
[    3.160794] ACPI: Enabled 2 GPEs in block 00 to 07
[    3.171481] vgaarb: setting as boot device: PCI:0000:00:02.0
[    3.174637] vgaarb: device added: PCI:0000:00:02.0,decodes=io+mem,owns=io+mem,locks=none
[    3.180071] vgaarb: loaded
[    3.182194] vgaarb: bridge control possible 0000:00:02.0
[    3.185719] SCSI subsystem initialized
[    3.188436] ACPI: bus type USB registered
[    3.190752] usbcore: registered new interface driver usbfs
[    3.194704] usbcore: registered new interface driver hub
[    3.197708] usbcore: registered new device driver usb
[    3.209801] PCI: Using ACPI for IRQ routing
[    3.213471] NetLabel: Initializing
[    3.215331] NetLabel:  domain hash size = 128
[    3.217712] NetLabel:  protocols = UNLABELED CIPSOv4
[    3.220071] NetLabel:  unlabeled traffic allowed by default
[    3.223410] amd_nb: Cannot enumerate AMD northbridges
[    3.226362] clocksource: Switched to clocksource kvm-clock
[    3.241078] AppArmor: AppArmor Filesystem Enabled
[    3.245391] pnp: PnP ACPI init
[  3.250912] pnp: PnP ACPI: found 3 devices

[    3.336760] clocksource: acpi_pm: mask: 0xffffff max_cycles: 0xffffff, max_idle_ns: 2085701024 ns
[    3.340540] NE: Registered protocol family 2

[    3.373314] TCP established hash table entries: 8192 (order: 4, 656 bytes)

[    3.436962] TCP bind hash table entries: 8192 (order: 5, 131072 bytes)
[    3.439619] TCPHash tables configured (established 8192 bind 8192)
[    3.506129] UDP hash table entries: 512 (order: 2, 16384 bytes)
[    3.509575] UDP-Lite hash table entries: 512 (order: 2, 16384 bytes)
[    3.513468] NET: Registered protocol family 1
[    3.515933] pci 0000:00:00.0: Limiting direct PCI/PCI transfers
[    3.519036] pci 0000:00:01.0: Activating ISA DMA hang workarunds
[    3.554994] Unpacking initramfs...

[    3.910723] Freeing initrd memory: 14792K
[    3.915428] RAPL PMU detected, API unit is 2^-32 Joules, 4 fixed counters 10737418240 ms ovfl timer
[    3.943240] hw unit of domain pp0-core 2^-0 Joules
[    3.945030] hw unit of domain package 2^-0 Joules
[    3.947451] hw unit of domain dram 2^-0 Joules
[    3.963243] hw unit of domain pp1-gpu 2^-0 Joules
[    3.965930] platform rtc_cmos: registered platform RTC device (no PNP device found)
[    3.970599] Scanning for low memory corruption every 60 seconds
[    3.978410] audit: initializing netlink subsys (disabled)
[    3.992704] audit: type=2000 audit(1538043048.705:1): initialized
[    4.004421] Initialise system trusted keyring
[    4.006657] HugeTLB registered 2 MB page size, pre-allocated 0 pages
[    4.044232] zbud: loaded
[    4.047497] VFS: Disk quotas dquot_6.6.0
[    4.072357] VFS: Dquot-cache hash table entries: 512 (order 0, 4096 bytes)
[    4.081069] squashfs: version 4.0 (2009/01/31) Phillip Lougher
[    4.089992] fuse init (API version 7.23)
[    4.093505] Key type big_key registered
[    4.106120] Allocating IMA MOK and blacklist keyrings.
[    4.111759] Key type asymmetric registered
[    4.116645] Asymmetric key parser 'x509' registered
[    4.123087] Block layer SCSI generic (bsg) driver version 0.4 loaded (major 249)
[    4.138800] io scheduler noop registered
[    4.146323] io scheduler deadline registered (default)
[    4.160743] io scheduler cfq registered
[    4.163999] pci_hotplug: PCI Hot Plug PCI Core version: 0.5
[    4.167391] pciehp: PCI Express Hot Plug Controller Driver version: 0.4
[    4.177123] ACPI: AC Adapter [AC] (off-line)
[    4.180515] input: Power Button as /devices/LNXSYSTM:00/LNXPWRBN:00/input/input0
[    4.221576] ACPI: Power Button [PWRF]
[    4.224783] input: Sleep Button as /devices/LNXSYSTM:00/LNXSLPBN:00/input/input1
[    4.239143] ACPI: Sleep Button [SLPF]
[    4.246286] ACPI: Battery Slot [BAT0] (battery present)
[    4.274725] GHES: HEST is not enabled!
[    4.295750] Serial: 8250/16550 driver, 32 ports, IRQ sharing enabled
[    4.353550] 00:02: ttyS0 at I/O 0x3f8 (irq = 4, base_baud = 115200) is a 16550A
[    4.360756] Linux agpgart interface v0.103
[    4.369299] loop: module loaded
[    4.371810] scsi host0: ata_piix
[    4.373668] scsi host1: ata_piix
[    4.375663] ata1: PATA max UDMA/33 cmd 0x1f0 ctl 0x3f6 bmdma 0xd000 irq 14
[    4.379648] ata2: PATA max UDMA/33 cmd 0x170 ctl 0x376 bmdma 0xd008 irq 15
[    4.391971] libphy: Fixed MDIO Bus: probed
[    4.394177] tun: Universal TUN/TAP device driver, 1.6
[    4.396367] tun: (C) 1999-2004 Max Krasnyansky <maxk@qualcomm.com>
[    4.399535] PPP generic driver version 2.4.2
[    4.406260] ehci_hcd: USB 2.0 'Enhanced' Host Controller (EHCI) Driver
[    4.417811] ehci-pci: EHCI PCI platform driver
[    4.423191] ehci-platform: EHCI generic platform driver
[    4.428612] ohci_hcd: USB 1.1 'Open' Host Controller (OHCI) Driver
[    4.439957] ohci-pci: OHCI PCI platform driver
[    4.459073] ohci-platform: OHCI generic platform driver
[    4.461189] uhci_hcd: USB Universal Host Controller Interface driver
[    4.471269] i8042: PNP: PS/2 Controller [PNP0303:PS2K,PNP0f03:PS2M] at 0x60,0x64 irq 1,12
[    4.478948] serio: i8042 KBD port at 0x60,0x64 irq 1
[    4.491627] serio: i8042 AUX port at 0x60,0x64 irq 12
[    4.496886] mousedev: PS/2 mouse device common for all mice
[    4.510013] rtc_cmos rtc_cmos: rtc core: registered rtc_cmos as rtc0
[    4.515157] rtc_cmos rtc_cmos: alarms up to one day, 114 bytes nvram
[    4.518323] i2c /dev entries driver
[    4.522108] input: AT Translated Set 2 keyboard as /devices/platform/i8042/serio0/input/input2
[    4.547184] device-mapper: uevent: version 1.0.3
[    4.554935] device-mapper: ioctl: 4.34.0-ioctl (2015-10-28) initialised: dm-devel@redhat.com
[    4.563642] ledtrig-cpu: registered to indicate activity on CPUs
[    4.574693] NET: Registered protocol family 10
[    4.577021] NET: Registered protocol family 17
[    4.578899] Key type dns_resolver registered
[    4.592753] registered taskstats version 1
[    4.595865] Loading compiled-in X.509 certificates
[    4.601057] Loaded X.509 cert 'Build time autogenerated kernel key: 4eb3d024ac16f76c1747ffd474694c84db21038b'
[    4.617381] zswap: loaded using pool lzo/zbud
[    4.622114] Key type trusted registered
[    4.633975] Key type encrypted registered
[    4.647872] AppArmor: AppArmor sha1 policy hashing enabled
[    4.671115] ima: No TPM chip found, activating TPM-bypass!
[    4.675381] ima: Allocated hash algorithm: sha1
[    4.680086] evm: HMAC attrs: 0x1
[    4.687921]   Magic number: 2:723:174
[    4.689878] rtc_cmos rtc_cmos: setting system clock to 2018-09-27 10:10:45 UTC (1538043045)
[    4.707823] BIOS EDD facility v0.16 2004-Jun-25, 0 devices found
[    4.710555] EDD infortion not available.
[    4.795314] Freeing unused kernel memory: 1516K
[    4.967262] tsc: Refined TSC clocksource calibration: 1599.991 MHz
[    4.980212] clocksource: tsc: mask: 0xffffffffffffffff max_cycles: 0x17101c687b4, max_idle_ns: 440795209785 ns
[    4.994776] Write protecting the kernel read-only data: 14336k
[    4.999880] Freeing unused kernel memory: 1672K
[    5.036538] Freeing unused kernel memory: 92K
Loading, please wait...
starting version 229
[    5.062444] random: systemd-udevd: uninitialized urandom read (16 bytes read, 5 bits of entropy available)
[    5.062644] random: udevadm: uninitialized urandom read (16 bytes read, 5 bits of entropy available)
[    5.062677] random: udevadm: uninitialized urandom read (16 bytes read, 5 bits of entropy available)
[    5.074625] random: udevadm: uninitialized urandom read (16 bytes read, 5 bits of entropy available)
[    5.074675] random: udevadm: uninitialized urandom read (16 bytes read, 5 bits of entropy available)
[    5.074820] random: udevadm: uninitialized urandom read (16 bytes read, 5 bits of entropy available)
[    5.074873] random: udevadm: uninitialized urandom read (16 bytes read, 5 bits of entropy available)
[    5.074925] random: udevadm: uninitialized urandom read (16 bytes read, 5 bits of entropy available)
[    5.074979] random: udevadm: uninitialized urandom read (16 bytes read, 5 bits of entropy available)
[    5.075028] random: udevadm: uninitialized urandom read (16 bytes read, 5 bits of entropy available)
[    5.218429] Fusion MPT base driver 3.04.20
[    5.220580] Copyright (c) 1999-2008 LSI Corporation
[    5.229221] e1000: Intel(R) PRO/1000 Network Driver - version 7.3.21-k8-NAPI
[    5.239188] e1000: Copyright (c) 1999-2006 Intel Corporation.
[    5.253985] Fusion MPT SPI Host driver 3.04.20
[    5.284017] AVX2 version of gcm_enc/dec engaged.
[    5.286163] AES CTR mode by8 optimization enabled
[    5.480304] input: ImExPS/2 Generic Explorer Mouse as /devices/platform/i8042/serio1/input/input4
[    5.791094] e1000 0000:00:03.0 eth0: (PCI:33MHz:32-bit) 02:1d:76:b3:3c:fe
[    5.803997] e1000 0000:00:03.0 eth0: Intel(R) PRO/1000 Network Connection
[    6.312502] e1000 0000:00:08.0 eth1: (PCI:33MHz:32-bit) 08:00:27:a3:b1:55
[    6.319916] e1000 0000:00:08.0 eth1: Intel(R) PRO/1000 Network Connection
[    6.341875] e1000 0000:00:08.0 enp0s8: renamed from eth1
[    6.372942] mptbase: ioc0: Initiating bringup
[    6.382969] e1000 0000:00:03.0 enp0s3: renamed from eth0
[    6.439085] ioc0: LSI53C1030 A0: Capabilities={Initiator}
[    6.615804] scsi host2: ioc0: LSI53C1030 A0, FwRev=00000000h, Ports=1, MaxQ=256, IRQ=20
[    6.740195] scsi 2:0:0:0: Direct-Access     VBOX     HARDDISK         1.0  PQ: 0 ANSI: 5
[    6.838840] scsi target2:0:0: Beginning Domain Validation
[    6.865685] scsi target2:0:0: Domain Validation skipping write tests
[    6.887605] scsi target2:0:0: Ending Domain Validation
[    6.889818] scsi target2:0:0: asynchronous
[    6.893441] scsi 2:0:1:0: Direct-Access     VBOX     HARDDISK         1.0  PQ: 0 ANSI: 5
[    6.898468] scsi target2:0:1: Beginning Domain Validation
[    6.908937] scsi target2:0:1: Domain Validation skipping write tests
[    6.984086] scsi target2:0:1: Ending Domain Validation
[    7.286263] scsi target2:0:1: asynchronous
[    7.303755] sd 2:0:0:0: [sda] 20971520 512-byte logical blocks: (10.7 GB/10.0 GiB)
[    7.311004] sd 2:0:0:0: Attached scsi generic sg0 type 0
[    7.311301] sd 2:0:1:0: Attached scsi generic sg1 type 0
[    7.332259] sd 2:0:1:0: [sdb] 20480 512-byte logical blocks: (10.5 MB/10.0 MiB)
[    7.333264] sd 2:0:0:0: [sda] Write Protect is off
[    7.333424] sd 2:0:0:0: [sda] Incomplete mode parameter data
[    7.333426] sd 2:0:0:0: [sda] Assuming drive cache: write through
[    7.361996] sd 2:0:1:0: [sdb] Write Protect is off
[    7.363814]  sda: sda1
[    7.368921] sd 2:0:0:0: [sda] Attached SCSI disk
[    7.389714] sd 2:0:1:0: [sdb] Incomplete mode parameter data
[    7.392999] sd 2:0:1:0: [sdb] Assuming drive cache: write through
[    7.415800] sd 2:0:1:0: [sdb] Attached SCSI disk
Begin: Loading essential drivers ... [    8.871738] md: linear personality registered for level -1
[    8.887127] md: multipath personality registered for level -4
[    8.903364] md: raid0 personality registered for level 0
[    8.932283] md: raid1 personality registered for level 1
[    9.034625] raid6: sse2x1   gen()  6695 MB/s
[    9.106878] raid6: sse2x1   xor()  5301 MB/s
[    9.178380] raid6: sse2x2   gen()  8137 MB/s
[    9.250584] raid6: sse2x2   xor()  5703 MB/s
[    9.326574] raid6: sse2x4   gen()  9442 MB/s
[    9.402510] raid6: sse2x4   xor()  6854 MB/s
[    9.478359] raid6: avx2x1   gen() 12866 MB/s
[    9.550368] raid6: avx2x2   gen() 16294 MB/s
[    9.622600] raid6: avx2x4   gen() 17648 MB/s
[    9.637578] raid6: using algorithm avx2x4 gen() 17648 MB/s
[    9.651121] raid6: using avx2x2 recovery algorithm
[    9.657443] xor: automatically using best checksumming function:
[    9.702606]    avx       : 20598.000 MB/sec
[    9.711685] async_tx: api initialized (async)
[    9.725538] md: raid6 personality registered for level 6
[    9.736262] md: raid5 personality registered for level 5
[    9.739979] md: raid4 personality registered for level 4
[    9.757525] md: raid10 personality registered for level 10
done.
Begin: Running /scripts/init-premount ... done.
Begin: Mounting root file system ... Begin: Running /scripts/local-top ... done.
Begin: Running /scripts/local-premount ... [    9.803482] Btrfs loaded
Scanning for Btrfs filesystems
done.
Warning: fsck not present, so skipping root file[    9.868227] EXT4-fs (sda1): mounted filesystem with ordered data mode. Opts: (null)
 system
done.
Begin: Running /scripts/local-bottom ... done.
Begin: Running /scripts/init-bottom ... done.
[   10.008604] systemd[1]: systemd 229 running in system mode. (+PAM +AUDIT +SELINUX +IMA +APPARMOR +SMACK +SYSVINIT +UTMP +LIBCRYPTSETUP +GCRYPT +GNUTLS +ACL +XZ -LZ4 +SECCOMP +BLKID +ELFUTILS +KMOD -IDN)
[   10.023479] systemd[1]: Detected virtualization oracle.
[   10.025853] systemd[1]: Detected architecture x86-64.

Welcome to [1mUbuntu 16.04.5 LTS[0m!

[   10.065705] systemd[1]: Set hostname to <ubuntu>.
[   10.079942] systemd[1]: Initializing machine ID from random generator.
[   10.093389] systemd[1]: Installed transient /etc/machine-id file.
[   10.336242] systemd[1]: Listening on LVM2 poll daemon socket.
[[0;32m  OK  [0m] Listening on LVM2 poll daemon socket.
[  10.368066] systemd[1]: Listening on Journal Audit Socket.

[[0;32m  OK  [0m] Listening on Journal Audit Socket.
[   10.407911] systemd[1]: Reached target Encrypted Volumes.
[[0;32m  OK  [0m] Reached target Encrypted Volumes.
[   10.431372] systemd[1]: Listening on Journal Socket.
[[0;32m  OK  [0m] Listening on Journal Socket.
[   10.450856] systemd[1]: Reached target Swap.
[[0;32m  OK  [0m] Reached target Swap.
[   10.468340] systemd[1]: Listening on udev Kernel Socket.
[[0;32m  OK  [0m] Listening on udev Kernel Socket.
[   10.495213] systemd[1] Listening on Journal Soket (/dev/log).

[[0;32m  OK  [0m] Listening on Journal Socket (/dev/log).
[   10.577565] systemd[1]: Reached target User and Group Name Lookups.
[[0;32m  OK  [0m] Reached target User and Group Name Lookups.
[   10.586686] systemd[1]: Listening on LVM2 metadata daemon socket.
[[0;32m  OK  [0m] Listening on LVM2 metadata daemon socket.
[   10.635348] systemd[1]: Started Trigger resolvconf update for networkd DNS.
[[0;32m  OK  [0m] Started Trigger resolvconf update for networkd DNS.
[   10.6642] systmd[1]: Set up utomount Arbitrary Executable File Formats File System Automount Point.
[[0;32m  OK  [0m] Set up automount Arbitrary Executab...ats File System Automount Point.
[   10.816749 systemd[1]: Created slice System Slice.

[[0;32m  OK  [0m] Created slice System Slice.
[   10.891180] systemd[1]: Starting Load Kernel Modules...
         Starting Load Kernel Modules...
[   10.907023] systemd[1]: Mounting POSIX Message Queue File System...
[   10.910526] Loading iSCSI transport class v2.0-870.
         Mounting POSIX Message Queue File System...
[   10.922175] iscsi: registered transport (tcp)
[   10.924504] systemd[1]: Created slice system-serial\x2dgetty.slice.
[[0;32m  OK  [0m] Created slice system-serial\x2dgetty.slice.
[   10.943809] systemd[1]: Starting Nameserver information manager...
         Starting Nameserver information manager...
[   10.955748] systemd[1]: Starting Remount Root and Kernel File Systems...
         Starting Remount Root and Kernel File Systems...
[   10.963462] systemd[1]: Starting Create list of required static device nodes for the current kernel...
[   10.974654] EXT4-fs (sda1): re-mounted. Opts: (null)
         Starting Create list of required st... nodes for the current ker[   10.984764] iscsi: registered transport (iser)
nel...
[   11.007301] systemd[1]: Mounting Debug File System...
         Mounting Debug File System...
[   11.027682] systemd[1]: Started Forward Password Requests to Wall Directory Watch.
[[0;32m  OK  [0m] Started Forward Password Requests to Wall Directory Watch.
[   11.051042] systemd[1]: Listening on Syslog Socket.
[[0;32m  OK  [0m] Listening on Syslog Socket.
[   11.071088] systemd[1]: Starting Journal Service...
[   11.083717] random: nonblocking pool is initialized
         Starting Journal Service...
[   11.094947] systemd[1]: Reached target System Time Synchronized.
[[0;32m  OK  [0m] Reached target System Time Synchronized.
[   11.111781] systemd[1]: Listening on Device-mapper event daemon FIFOs.
[[0;32m  OK  [0m] Listening on Device-mapper event daemon FIFOs.
[   11.150930] systemd[1]: Starting Monitoring of LVM2 mirrors, snapshots etc. using dmeventd or progress polling...
         Starting Monitoring of LVM2 mirrors... dmeventd or progress polling...
[   11.177259] systemd[1]: Starting Set console keymap...
         Starting Set console keymap...
[   11.185712] systemd[1]: Listening on /dev/initctl Compatibility Named Pipe.
[[0;32m  OK  [0m] Listening on /dev/initctl Compatibility Named Pipe.
[   11.258763] systemd[1]: Mounting Huge Pages File System...
         Mounting Huge Pages File System...
[   11.287677] systemd[1]: Starting Uncomplicated firewall...
         Starting Uncomplicated firewall...
[   11.327435] systemd[1]: Created slice User and Session Slice.
[[0;32m  OK  [0m] Created slice User and Session Slice.
[   11.334025] systemd[1]: Reached target Slices.
[[0;32m  OK  [0m] Reached target Slices.
[ 11.42363] systemd[1]: Listeninon udev Control Socket.

[[0;32m  OK  [0m] Listening on udev Control Socket.
[   11.603689] systemd[1]: Mounted Debug File System.
[[0;32m  OK  [0m] Mounted Debug File System.
[   11.609474] systemd[1]: Mounted Huge Pages File System.
[[0;32m  OK  [0m] Mounted Huge Pages File System.
[   11.617595] systemd[1]: Mounted POSIX Message Queue File System.
[[0;32m  OK  [0m] Mounted POSIX Message Queue File System.
[  11.655296] systemd[1]: Started Journal Service.

[[0;32m  OK  [0m] Started Journal Service.
[[0;32m  OK  [0m] Started Load Kernel Modules.
[[0;32m  OK  [0m] Started Remount Root and Kernel File Systems.
[[0;32m  OK  [0m] Started Create list of required sta...ce nodes for the current kernel.
[[0;32m  OK  [0m] Started Set console keymap.
[[0;32m  OK  [0m] Started Uncomplicated firewall.
[[0;32m  OK  [0m] Started Nameserver information manager.
[[0;32m  OK  [0m] Started LVM2 metadata daemon.
         Starting Create Static Device Nodes in /dev...
         Starting udev Coldplug all Devices...
         Starting Load/Save Random Seed...
         Mounting FUSE Control File System...
         Starting Apply Kernel Variables...
         Starting Flush Journal to Persistent Storage...
[[0;32m  OK  [0m] Mounted FUSE Control File System.
[[0;32m  OK  [0m] Started Monitoring of LVM2 mirrors,...ng dmeventd or progress polling.
[[0;32m  OK  [0m] Started Create Static Device Nodes in /dev.
[[0;32m  OK  [0m] Started Load/Save Random Seed.
[[0;32m  OK  [0m] Started Apply Kernel Variables.
[[0;32m  OK  [0m] Started udev Coldplug all Devices.
[[0;32m  OK  [0m] Started Flush Journal to Persistent Storage.
         Starting udev Kernel Device Manager...
[[0;32m  OK  [0m] Started udev Kernel Device Manager.
[[0;32m  OK  [0m] Started Dispatch Password Requests to Console Directory Watch.
[[0;32m  OK  [0m] Reached target Local File Systems (Pre).
[[0;32m  OK  [0m] Reached target Local File Systems.
         Starting Set console font and keymap...
         Starting Initial cloud-init job (pre-networking)...
         Starting Commit a transient machine-id on disk...
         Starting LSB: AppArmor initialization...
         Starting Create Volatile Files and Directories...
         Starting Tell Plymouth To Write Out Runtime Data...
[[0;32m  OK  [0m] Started Commit a transient machine-id on disk.
[[0;32m  OK  [0m] Started Create Volatile Files and Directories.
[[0;32m  OK  [0m] Started Tell Plymouth To Write Out Runtime Data.
         Starting Update UTMP about System Boot/Shutdown...
[[0;32m  OK  [0m] Started Update UTMP about System Boot/Shutdown.
[[0;32m  OK  [0m] Found device /dev/ttyS0.
[[0;32m  OK  [0m] Listening on Load/Save RF Kill Switch Status /dev/rfkill Watch.
[[0;32m  OK  [0m] Started LSB: AppArmor initialization.
[   11.829830] cloud-init[480]: Cloud-init v. 18.3-9-g2e62cb8a-0ubuntu1~16.04.2 running 'init-local' at Thu, 27 Sep 2018 10:10:54 +0000. Up 11.36 seconds.
[[0;32m  OK  [0m] Started Initial cloud-init job (pre-networking).
[[0;32m  OK  [0m] Reached target Network (Pre).
         Starting Raise network interfaces...
[[0;32m  OK  [0m] Started Set console font and keymap.
[[0;32m  OK  [0m] Created slice system-getty.slice.
[[0;32m  OK  [0m] Started Raise network interfaces.
         Starting Initial cloud-init job (metadata service crawler)...
[[0;32m  OK  [0m] Reached target Network.
[   13.768482] cloud-init[944]: Cloud-init v. 18.3-9-g2e62cb8a-0ubuntu1~16.04.2 running 'init' at Thu, 27 Sep 2018 10:10:56 +0000. Up 13.04 seconds.
[   13.784760] cloud-init[944]: ci-info: ++++++++++++++++++++++++++++++++++++++Net device info+++++++++++++++++++++++++++++++++++++++
[   13.790681] cloud-init[944]: ci-info: +--------+-------+----------------------------+---------------+--------+-------------------+
[   13.843419] [[0;32m  OK  [0m] Started Initial cloud-init job (metadata service crawler).
[[0;32m  OK  [0m] Reached target Cloud-config availability.
[[0;32m  OK  [0m] Reached target System Initialization.
cloud-init[944]: ci-info: | Device |   Up  |          Address           |      Mask     | Scope  |     Hw-Address    |
[   13.914912] cloud-init[944]: ci-info: +--------+-------+----------------------------+---------------+--------+-------------------+
[[0;32m  OK  [0m] Listening on ACPID Listen Socket.
[   13.918234] [[0;32m  OK  [0m] Started ACPI Events Check.
[[0;32m  OK  [0m] Reached target Paths.
cloud-init[944]: ci-info: | enp0s3 |  True |         10.0.2.15          | 255.255.255.0 | global | 02:1d:76:b3:3c:fe |
[[0;32m  OK  [0m] Started Daily apt download activities.
[   13.964217]          Starting LXD - unix socket.
[[0;32m  OK  [0m] Listening on D-Bus System Message Bus Socket.
[[0;32m  OK  [0m] Started Daily apt upgrade and clean activities.
cloud-init[944]: ci-info: | enp0s3 |  True | fe80::1d:76ff:feb3:3cfe/64 |       .       |  link  | 02:1d:76:b3:3c:fe |
[[0;32m  OK  [0m] Listening on UUID daemon activation socket.
[[0;32m  OK  [0m] Started Daily Cleanup of Temporary Directories.
[   14.115369] cloud-init[944]: ci-info: | enp0s8 | False |             .              |       .       |   .    | 08:00:27:a3:b1:55 |
[   14.177528] [[0;32m  OK  [0m] Reached target Timers.
         Starting Socket activation for snappy daemon.
[cloud-init[944]: ci-info: |   lo   |  True |         127.0.0.1          |   255.0.0.0   |  host  |         .         |
[0;32m  OK  [0m] Reached target Network is Online.
[   14.180787] cloud-init[944]: ci-info: |   lo   |  True |          ::1/128           |       .       |  host  |         .         |
[   14.236925]          Starting iSCSI initiator daemon (iscsid)...
[[0;32m  OK  [0m] Listening on LXD - unix socket.
[[0;32m  OK  [0m] Listening on Socket activation for snappy daemon.
cloud-init[944]: ci-info: +--------+-------+----------------------------+---------------+--------+-------------------+
[   14.262777] [[0;32m  OK  [0m] Reached target Sockets.
[[0;32m  OK  [0m] Reached target Basic System.
cloud-init[944]: ci-info: +++++++++++++++++++++++++++Route IPv4 info++++++++++++++++++++++++++++
[   14.284414] cloud-init[944]: ci-info: +-------+-------------+----------+---------------+-----------+-------+
[   14.285005] cloud-init         Starting Virtualbox guest utils...
[944]: ci-info: | Route | Destination | Gateway  |    Genmask    | Interface | Flags |
[   14.326046] cloud-init[[0;32m  OK  [0m] Started Deferred execution scheduler.
[944]: ci-info: +-------+-------------+----------+---------------+-----------+-------+
[   14.365107] cloud-init[944]: ci-info: |   0   |   0.0.0.0   | 10.0.2.2 |    0.0.0.0    |   enp0s3  |   UG  |
         Starting LSB: MD monitoring daemon...
[   14.367967] cloud-init[944]: ci-info: |   1   |   10.0.2.0  | 0.0.0.0  | 255.255.255.0 |   enp0s3  |   U   |
[   14.428150]          Starting System Logging Service...
cloud-init[944]: ci-info: +-------+-------------+----------+---------------+-----------+-------+
[   14.441539]          Starting Pollinate to seed the pseudo random number generator...
cloud-init[944]: ci-info: +++++++++++++++++++Route IPv6 info+++++++++++++++++++
[   14.465968] [[0;32m  OK  [0m] Started ACPI event daemon.
cloud-init[944]: ci-info: +-------+-------------+---------+-----------+-------+
[   14.483995]          Starting Snappy daemon...
cloud-init[944]: ci-info: | Route | Destination | Gateway | Interface | Flags |
[[0;32m  OK  [0m] Started Regular background program processing daemon.
[   14.528357] cloud-init[944]: ci-info: +-------+-------------+---------+-----------+-------+
         Starting LSB: Record successful boot for GRUB...
[   14.592295] cloud-init[944]: ci-info: |   0   |  fe80::/64  |    ::   |   enp0s3  |   U   |
         Starting Accounts Service...
[[0;32m  OK  [0m] Started Unattended Upgrades Shutdown.
[   14.663451] cloud-init[944]: ci-info: |   3   |   ff00::/8  |    ::   |   enp0s3  |   U   |
[   14.722027]          Starting /etc/rc.local Compatibility...
         Starting Login Service...
[[0;32m  OK  [0m] Started FUSE filesystem for LXC.
[cloud-init[0;32m  OK  [0m] Started D-Bus System Message Bus.
[944]: ci-info: +-------+-------------+---------+-----------+-------+
[   14.774274] cloud-init[944]: Generating public/private rsa key pair.
[   14.785789] cloud-init[944]: Your identification has been saved in /etc/ssh/ssh_host_rsa_key.
[   14.835328] cloud-init[944]: Your public key has been saved in /etc/ssh/ssh_host_rsa_key.pub.
         Starting LXD - container startup/shutdown...
[   14.842705] cloud-init[944]: [[0;32m  OK  [0m] Started System Logging Service.
The key fingerprint is:
[   14.855797] cloud-init[944]: SHA256:HhPSiVdRMKf3k3z6bACP7KbYmGfRlUIB+miiP4eQLpU root@ubuntu-xenial
[[0;32m  OK  [0m] Started /etc/rc.local Compatibility.
[[0;32m  OK  [0m] Started iSCSI initiator daemon (iscsid).
[[0;32m  OK  [0m] Started Snappy daemon.
[   14.888204] cloud-init[944]: The key's randomart image is:
[   14.939421] cloud-init[944]: +---[RSA 2048]----+
[[0;32m  OK  [0m] Started LXD - container startup/shutdown.[   14.974517] cloud-init[944]: |          *=+.   |
[   14.976046] cloud-init[944]: |       o + +.    |
[   14.976370] cloud-init[944]: |      o * ...  . |
[   14.976450] cloud-init[944]: |       o + .ooo. |
[   14.976530] cloud-init[944]: |     o. S .o *= .|
[   14.976678] cloud-init[944]: |    E. + o. + o+ |
[   14.976724] cloud-init[944]: |   o.. ..  o  .. |
[   14.976772] cloud-init[944]: |  . ..o .=o o  o.|
[   14.976813] cloud-init[944]: |   .  .o+ooo   .o|
[   14.976858] cloud-init[944]: +----[SHA256]-----+

[[0;32m  OK  [0m] Started Virtualbox guest utils.
[[0;32m  OK  [0m] Started LSB: MD monitoring daemon.
[[0;32m  OK  [0m] Started Pollinate to seed the pseudo random number generator.
[   14.980008] cloud-init[944]: Generating public/private dsa key pair.
[   15.120739] cloud-init[944]: Your identification has been saved in /etc/ssh/ssh_host_dsa_key.
[   15.133943] cloud-init[944]: Your public key has been saved in /etc/ssh/ssh_host_dsa_key.pub.
[[0;32m  OK  [0m] Started LSB: Record successful boot for GRUB.
[   15.150055] cloud-init[944]: The key fingerprint is:
[[0;32m  OK  [0m] Started Login Service.
[   15.183551] cloud-init[944]: SHA256:MgTV7Zr0S77GZnD8LlGOR/oUNm2Cpi0N7+Qqvte78/4 root@ubuntu-xenial
[   15.206721] cloud-init[944]: The key's randomart image is:
         Starting Authenticate and Authorize Users to Run Privileged Tasks...
         Starting OpenBSD Secure Shell server...
         Starting Wait until snapd is fully seeded...
         Starting Login to default iSCSI targets...
[   15.215710] cloud-init[944]: +---[DSA 1024]----+
[   15.350463] cloud-init[944]: |    .... .       |
[[0;32m  OK  [0m] Started OpenBSD Secure Shell server.
[   15.352679] cloud-init[944]: |     .  . .      |[[0;32m  OK  [0m] Started Authenticate and Authorize Users to Run Privileged Tasks.
[[0;32m  OK  [0m] Started Accounts Service.

[   15.411582] cloud-init[944]: |      .  . . .   |
[   15.421119] cloud-init[944]: |     .  o + B o  |
[   15.470896] cloud-init[944]: |      o.S% B =   |
[   15.471526] cloud-init[944]: |       o* & +    |
[[0;32m  OK  [0m] Started Login to default iSCSI targets.
[   15.472353] cloud-init[944]: |         % B     |
[[0;32m  OK  [0m] Reached target Remote File Systems (Pre).
[[   15.511664] cloud-init[944]: |      . . & o    |
[   15.520353] cloud-init[944]: |     .o+.=+X+.E  |
[   15.521007] cloud-init[944]: +----[SHA256]-----+
[   15.521333] cloud-init[944]: Generating public/private ecdsa key pair.
[   15.521544] cloud-init[944]: Your identification has been saved in /etc/ssh/ssh_host_ecdsa_key.
[   15.521651] cloud-init[944]: Your public key has been saved in /etc/ssh/ssh_host_ecdsa_key.pub.
[   15.521744] cloud-init[944]: The key fingerprint is:
[   15.521830] cloud-init[944]: SHA256:7cnK/cE27BsMVgkB+boEFoSSlTRzf2D7XmESOMmRr/8 root@ubuntu-xenial
[   15.521914] cloud-init[944]: The key's randomart image is:
[   15.522006] cloud-init[944]: +---[ECDSA 256]---+
[   15.522088] cloud-init[944]: |   +=+o.=B+.     |
[   15.522169] cloud-init[944]: |  o o+.oBo o .   |
[   15.522249] cloud-init[944]: |   .   .o+o =    |
[   15.522393] cloud-init[944]: |      o  +o+ .   |
[   15.523260] cloud-init[944]: |     . .So= .    |
[   15.523362] cloud-init[944]: |        += B     |
[   15.523453] cloud-init[944]: |       . o= O    |
[   15.523535] cloud-init[944]: |       ..o.o +   |
[   15.523617] cloud-init[944]: |        o .oE.   |
[   15.523703] cloud-init[944]: +----[SHA256]-----+
[   15.523782] cloud-init[944]: Generating public/private ed25519 key pair.
[   15.523868] cloud-init[944]: Your identification has been saved in /etc/ssh/ssh_host_ed25519_key.
[   15.523950] cloud-init[944]: Your public key has been saved in /etc/ssh/ssh_host_ed25519_key.pub.
[0;32m  OK  [0m] Reached target Remote File Systems.
[   15.524028] cloud-init[944]: The key fingerprint is:
[   15.752240]          Starting Permit User Sessions...
         Starting LSB: automatic crash report generation...
         Starting LSB: daemon to balance interrupts for SMP systems...
         Starting LSB: Set the CPU Frequency Scaling governor to "ondemand"...
cloud-init[944]: SHA256:h8EdVZhVX9D9Akj3s2yC3MVBkf1kR3BoXmR8YVa8X2g root@ubuntu-xenial
[   15.778763] cloud-init[944]: The key's randomart image is:
[   15.797584] cloud-init[944]: [[0;32m  OK  [0m] Started Wait until snapd is fully seeded.
[[0;32m  OK  [0m] Started Permit User Sessions.
+--[ED25519 256]--+
[   15.854168] cloud-init[944]: |         .ooo*O^%|
         Starting Terminate Plymouth Boot Screen...
[   15.872633] cloud-init[944]: |       . ..o+o*+#|
         Starting Hold until boot process finishes up...
[   15.914416] cloud-init[944]: |        o .  +==B|
[   15.943827] cloud-init[944]: |         + o oE++|
[   15.961580] cloud-init[944]: |        S + o.+.o|
[   15.962431] cloud-init[944]: |         .   o  .|
         Starting Apply the settings specified in cloud-config...
[[0;32m  OK  [0m] Started Terminate Plymouth Boot Screen.
[[0;32m  OK  [0m] Started Hold until boot process finishes up.
[   15.964971] cloud-init[944]: |                 |
[   16.043909] cloud-init[944]: |                 |
         Starting Set console scheme...
[   16.115589] cloud-init[944]: |                 |
[   16.122549] cloud-init[944]: +----[SHA256]-----+
[[0;32m  OK  [0m] Started Getty on tty1.
[[0;32m  OK  [0m] Started Serial Getty on ttyS0.
[[0;32m  OK  [0m] Reached target Login Prompts.
[[0;32m  OK  [0m] Started LSB: automatic crash report generation.
[[0;32m  OK  [0m] Started LSB: daemon to balance interrupts for SMP systems.
[[0;32m  OK  [0m] Started LSB: Set the CPU Frequency Scaling governor to "ondemand".
[[0;32m  OK  [0m] Started Set console scheme.
[[0;32m  OK  [0m] Created slice User Slice of vagrant.
         Starting User Manager for UID 1000...
[[0;32m  OK  [0m] Started Session 1 of user vagrant.
[[0;32m  OK  [0m] Reached target Multi-User System.
[[0;32m  OK  [0m] Reached target Graphical Interface.
         Starting Update UTMP about System Runlevel Changes...
[[0;32m  OK  [0m] Started User Manager for UID 1000.
[[0;32m  OK  [0m] Started Update UTMP about System Runlevel Changes.
[   16.972691] cloud-init[1248]: Generating locales (this might take a while)...
[   18.731902] cloud-init[1248]:   en_US.UTF-8... done
[   18.738955] cloud-init[1248]: Generation complete.
         Stopping User Manager for UID 1000...
[[0;32m  OK  [0m] Stopped User Manager for UID 1000.
[[0;32m  OK  [0m] Removed slice User Slice of vagrant.
[   19.545790] cloud-init[1248]: Cloud-init v. 18.3-9-g2e62cb8a-0ubuntu1~16.04.2 running 'modules:config' at Thu, 27 Sep 2018 10:11:00 +0000. Up 16.59 seconds.
[[0;32m  OK  [0m] Started Apply the settings specified in cloud-config.
         Starting Execute cloud user/final scripts...
[[0;32m  OK  [0m] Created slice User Slice of vagrant.
         Starting User Manager for UID 1000...
[[0;32m  OK  [0m] Started User Manager for UID 1000.
[[0;32m  OK  [0m] Started Session 2 of user vagrant.
ci-info: no authorized ssh keys fingerprints found for user ubuntu.
<14>Sep 27 10:11:04 ec2: 
<14>Sep 27 10:11:04 ec2: #############################################################
<14>Sep 27 10:11:04 ec2: -----BEGIN SSH HOST KEY FINGERPRINTS-----
<14>Sep 27 10:11:04 ec2: 1024 SHA256:MgTV7Zr0S77GZnD8LlGOR/oUNm2Cpi0N7+Qqvte78/4 root@ubuntu-xenial (DSA)
<14>Sep 27 10:11:04 ec2: 256 SHA256:7cnK/cE27BsMVgkB+boEFoSSlTRzf2D7XmESOMmRr/8 root@ubuntu-xenial (ECDSA)
<14>Sep 27 10:11:04 ec2: 256 SHA256:h8EdVZhVX9D9Akj3s2yC3MVBkf1kR3BoXmR8YVa8X2g root@ubuntu-xenial (ED25519)
<14>Sep 27 10:11:04 ec2: 2048 SHA256:HhPSiVdRMKf3k3z6bACP7KbYmGfRlUIB+miiP4eQLpU root@ubuntu-xenial (RSA)
<14>Sep 27 10:11:04 ec2: -----END SSH HOST KEY FINGERPRINTS-----
<14>Sep 27 10:11:04 ec2: #############################################################
-----BEGIN SSH HOST KEY KEYS-----
ecdsa-sha2-nistp256 AAAAE2VjZHNhLXNoYTItbmlzdHAyNTYAAAAIbmlzdHAyNTYAAABBBMAn7r9OeeyLVuBJY/VrpcKawbtyWQF/xNTeLHUgXyj5LownBTbaAXCHU3dGnf4nG9c0H2aUW7UNSzp5HckST5I= root@ubuntu-xenial
ssh-ed25519 AAAAC3NzaC1lZDI1NTE5AAAAIFqFi293cc4VfAa55PsB4LKWz1rJ+VNmIIi+cMFiQgid root@ubuntu-xenial
ssh-rsa AAAAB3NzaC1yc2EAAAADAQABAAABAQDI7UZYOQN9phnZRx5rbBigJnJEqvGjAIfI1zB53GdYbh9ku+6dZruWR+FZWwh3dHtD4DbccTyFKgXKG379IpyfJJ8PDeMBSPJRtlRBc9H6YitSB3ZG82Ye8PUmfT+r0lX1bNvYNawRu7mwok14o+BfTyNMGMV10083TxYkJ4P5uxcL0lckuXd/33zqL7A1j6BvtFzJrZOu1R0WBWr79R5/M16veSYzV6emLIQmgqGl7n80gvt3xXVGfXcUr/EDjb23E9Ow2qpA3PRid6WtkPwJtWyzel2sQjHVgc+CqkXllQhz75pxg/N7/FpuPEO3LINtE38pMvek4wlW0aPWmhJH root@ubuntu-xenial
-----END SSH HOST KEY KEYS-----
[   20.847528] cloud-init[1519]: Cloud-init v. 18.3-9-g2e62cb8a-0ubuntu1~16.04.2 running 'modules:final' at Thu, 27 Sep 2018 10:11:03 +0000. Up 20.26 seconds.
[   20.890478] cloud-init[1519]: ci-info: no authorized ssh keys fingerprints found for user ubuntu.
[   20.919387] cloud-init[1519]: Cloud-init v. 18.3-9-g2e62cb8a-0ubuntu1~16.04.2 finished at Thu, 27 Sep 2018 10:11:04 +0000. Datasource DataSourceNoCloud [seed=/dev/sdb][dsmode=net].  Up 20.83 seconds
[[0;32m  OK  [0m] Started Execute cloud user/final scripts.
[[0;32m  OK  [0m] Reached target Cloud-init target.

Ubuntu 16.04.5 LTS ubuntu-xenial ttyS0

ubuntu-xenial login: 